info t=2015-09-10T23:22:05.035Z loading user theme: /usr/share//themes/Linux Mint/cinnamon/cinnamon.css
info t=2015-09-10T23:22:05.044Z added icon directory: /usr/share//themes/Linux Mint/cinnamon/
info t=2015-09-10T23:22:05.100Z loaded at Thu Sep 10 2015 18:22:05 GMT-0500 (CDT)
info t=2015-09-10T23:22:05.311Z Loaded applet menu@cinnamon.org in 209 ms
info t=2015-09-10T23:22:05.316Z Loaded applet show-desktop@cinnamon.org in 4 ms
info t=2015-09-10T23:22:05.333Z Role locked: panellauncher
info t=2015-09-10T23:22:05.334Z Loaded applet panel-launchers@cinnamon.org in 18 ms
info t=2015-09-10T23:22:05.340Z Role locked: windowlist
info t=2015-09-10T23:22:05.340Z Loaded applet window-list@cinnamon.org in 5 ms
info t=2015-09-10T23:22:05.347Z Role locked: notifications
info t=2015-09-10T23:22:05.349Z Loaded applet notifications@cinnamon.org in 8 ms
info t=2015-09-10T23:22:05.353Z Loaded applet systray@cinnamon.org in 3 ms
info t=2015-09-10T23:22:05.384Z Loaded applet user@cinnamon.org in 30 ms
info t=2015-09-10T23:22:05.390Z Loaded applet removable-drives@cinnamon.org in 5 ms
info t=2015-09-10T23:22:05.405Z Loaded applet keyboard@cinnamon.org in 14 ms
info t=2015-09-10T23:22:05.455Z Loaded applet network@cinnamon.org in 49 ms
info t=2015-09-10T23:22:05.483Z Loaded applet sound@cinnamon.org in 27 ms
info t=2015-09-10T23:22:05.491Z Loaded applet power@cinnamon.org in 7 ms
info t=2015-09-10T23:22:05.497Z Loaded applet workspace-switcher@cinnamon.org in 5 ms
info t=2015-09-10T23:22:05.509Z Loaded applet calendar@cinnamon.org in 11 ms
info t=2015-09-10T23:22:06.035Z Adding systray: blueberry-tray.py (20x20px)
info t=2015-09-10T23:22:25.065Z Adding systray: mintupdate.py (20x20px)
info t=2015-09-11T00:57:16.118Z Adding systray: vuze (20x20px)
error t=2015-09-12T01:22:52.326Z null has no properties
trace t=2015-09-12T01:22:52.326Z 
<----------------
MyApplet.prototype._syncActiveConnections@/usr/share/cinnamon/applets/network@cinnamon.org/applet.js:1967
MyApplet.prototype._updateIcon@/usr/share/cinnamon/applets/network@cinnamon.org/applet.js:2124
MyApplet.prototype._notifyActivated@/usr/share/cinnamon/applets/network@cinnamon.org/applet.js:1998
---------------->
error t=2015-09-12T01:22:52.346Z null has no properties
trace t=2015-09-12T01:22:52.346Z 
<----------------
MyApplet.prototype._syncActiveConnections@/usr/share/cinnamon/applets/network@cinnamon.org/applet.js:1967
MyApplet.prototype._updateIcon@/usr/share/cinnamon/applets/network@cinnamon.org/applet.js:2124
MyApplet.prototype._notifyActivated@/usr/share/cinnamon/applets/network@cinnamon.org/applet.js:1998
---------------->
