2015-09-05T18:59:07 Checking update-file '/usr/share/kde4/apps/kconf_update/drkonqi-rename-config-section.upd' for new updates
2015-09-05T18:59:07 drkonqi-rename-config-section.upd: Found new update 'kde-4.11'
2015-09-05T18:59:07 drkonqi-rename-config-section.upd: File 'drkonqirc' does not exist or empty, skipping
2015-09-05T18:59:07 Checking update-file '/usr/share/kde4/apps/kconf_update/konsole_remove_background_mode.upd' for new updates
2015-09-05T18:59:07 konsole_remove_background_mode.upd: Found new update '2.11.0-remove-background-mode'
2015-09-05T18:59:07 konsole_remove_background_mode.upd: File 'kglobalshortcutsrc' does not exist or empty, skipping
2015-09-05T18:59:07 Checking update-file '/usr/share/kde4/apps/kconf_update/kdeui.upd' for new updates
2015-09-05T18:59:07 kdeui.upd: Found new update 'kde4/migrate_from_kde3_icon_theme'
2015-09-05T18:59:07 kdeui.upd: File 'kdeglobals' does not exist or empty, skipping
2015-09-05T18:59:07 Checking update-file '/usr/share/kde4/apps/kconf_update/kio_help.upd' for new updates
2015-09-05T18:59:07 kio_help.upd: Found new update 'kde3_2'
2015-09-05T18:59:07 kio_help.upd: Running script 'move_kio_help_cache.sh'
2015-09-05T18:59:07 [Script] mv: cannot stat ‘/home/kevin/.kde/share/apps/kio_help/cache’: No such file or directory
2015-09-05T18:59:07 [Script] rmdir: failed to remove ‘/home/kevin/.kde/share/apps/kio_help’: No such file or directory
2015-09-05T18:59:07 Checking update-file '/usr/share/kde4/apps/kconf_update/kuriikwsfilter.upd' for new updates
2015-09-05T18:59:07 kuriikwsfilter.upd: Found new update 'post-kde3.1/cvs'
2015-09-05T18:59:07 kuriikwsfilter.upd: File 'kuriikwsfilterrc' does not exist or empty, skipping
2015-09-05T18:59:07 kuriikwsfilter.upd: Found new update 'pre-kde4.9'
2015-09-05T18:59:07 kuriikwsfilter.upd: File 'kuriikwsfilterrc' does not exist or empty, skipping
2015-09-05T18:59:07 Checking update-file '/usr/share/kde4/apps/kconf_update/ksslcertificatemanager.upd' for new updates
2015-09-05T18:59:07 ksslcertificatemanager.upd: Found new update 'kde4.2'
2015-09-05T18:59:07 ksslcertificatemanager.upd: Running script 'ksslcertificatemanager.upd.sh'
2015-09-05T18:59:07 [Script] rm: cannot remove ‘/home/kevin/.kde//share/config/ksslcertificatemanager’: No such file or directory
2015-09-05T18:59:07 ksslcertificatemanager.upd: !! An error occurred while running 'sh /usr/share/kde4/apps/kconf_update/ksslcertificatemanager.upd.sh'
2015-09-05T18:59:07 Checking update-file '/usr/share/kde4/apps/kconf_update/kate-2.4.upd' for new updates
2015-09-05T18:59:07 kate-2.4.upd: Found new update 'kate2.4'
2015-09-05T18:59:07 Checking update-file '/usr/share/kde4/apps/kconf_update/kcookiescfg.upd' for new updates
2015-09-05T18:59:07 kcookiescfg.upd: Found new update 'kde2.2/b1'
2015-09-05T18:59:07 kcookiescfg.upd: File 'kcookiejarrc' does not exist or empty, skipping
2015-09-05T18:59:07 kcookiescfg.upd: Found new update 'kde3.1/cvs'
2015-09-05T18:59:07 kcookiescfg.upd: File 'kcookiejarrc' does not exist or empty, skipping
2015-09-05T18:59:07 kcookiescfg.upd: Found new update 'kde4.10/git'
2015-09-05T18:59:07 kcookiescfg.upd: File 'kcookiejarrc' does not exist or empty, skipping
2015-09-05T18:59:07 Checking update-file '/usr/share/kde4/apps/kconf_update/kded.upd' for new updates
2015-09-05T18:59:07 kded.upd: Found new update 'kde3.0'
2015-09-05T18:59:07 kded.upd: File 'kdedrc' does not exist or empty, skipping
2015-09-05T18:59:07 Checking update-file '/usr/share/kde4/apps/kconf_update/kwallet-4.13.upd' for new updates
2015-09-05T18:59:07 kwallet-4.13.upd: Found new update 'kde4.13'
2015-09-05T18:59:07 kwallet-4.13.upd: File 'kwalletrc' does not exist or empty, skipping
2015-09-05T18:59:07 Checking update-file '/usr/share/kde4/apps/kconf_update/konsole.upd' for new updates
2015-09-05T18:59:07 konsole.upd: Found new update '2.9.0-global-options'
2015-09-05T18:59:07 konsole.upd: Running script 'konsole-2.9.0-global-options.sh'
2015-09-05T18:59:07 konsole.upd: Found new update '2.9.0-colorscheme-bold-key'
2015-09-05T18:59:07 konsole.upd: Running script 'konsole-2.9.0-colorscheme-bold-key.sh'
2015-09-05T18:59:07 konsole.upd: Found new update '2.10.0-remove-menuindex-from-profiles'
2015-09-05T18:59:07 konsole.upd: Running script 'konsole-2.10.0-remove-menuindex-from-profiles.sh'
2015-09-05T18:59:07 Checking update-file '/usr/share/kde4/apps/kconf_update/kioslave.upd' for new updates
2015-09-05T18:59:07 kioslave.upd: Found new update 'kde2.2/r1'
2015-09-05T18:59:07 kioslave.upd: File 'kioslaverc' does not exist or empty, skipping
2015-09-05T18:59:07 kioslave.upd: Skipping update 'kde2.2/r1'
2015-09-05T18:59:07 kioslave.upd: File 'kioslaverc' does not exist or empty, skipping
2015-09-05T18:59:07 kioslave.upd: Found new update 'kde2.2/r2'
2015-09-05T18:59:07 kioslave.upd: File 'kioslaverc' does not exist or empty, skipping
2015-09-05T18:59:07 kioslave.upd: Found new update 'kde2.2/r3'
2015-09-05T18:59:07 kioslave.upd: File 'kioslaverc' does not exist or empty, skipping
2015-09-05T18:59:07 Checking update-file '/usr/share/kde4/apps/kconf_update/devicepreference.upd' for new updates
2015-09-05T18:59:07 devicepreference.upd: Found new update 'DevicesMovedToPlatformPlugin'
2015-09-05T18:59:07 devicepreference.upd: Running script 'phonon_devicepreference_update'
2015-09-05T18:59:07 devicepreference.upd: Found new update 'DevicesUIDsChanged'
2015-09-05T18:59:07 devicepreference.upd: Running script 'phonon_deviceuids_update'
